<?xml version="1.0" encoding="UTF-8"?>
<!-- Generated by org.testng.reporters.JUnitReportReporter -->
<testsuite hostname="dell-Latitude-3510" failures="0" tests="1" name="testScript.EmployeeCRUDTest" time="13.224" errors="0" timestamp="2025-06-28T09:15:06 IST" skipped="0">
  <testcase classname="testScript.EmployeeCRUDTest" name="createEmployeeTest" time="13.224"/>
  <system-out/>
</testsuite> <!-- testScript.EmployeeCRUDTest -->
